#
# There is insufficient memory for the Java Runtime Environment to continue.
# Native memory allocation (malloc) failed to allocate 2224496 bytes for Chunk::new
# Possible reasons:
#   The system is out of physical RAM or swap space
#   The process is running with CompressedOops enabled, and the Java Heap may be blocking the growth of the native heap
# Possible solutions:
#   Reduce memory load on the system
#   Increase physical memory or swap space
#   Check if swap backing store is full
#   Decrease Java heap size (-Xmx/-Xms)
#   Decrease number of Java threads
#   Decrease Java thread stack sizes (-Xss)
#   Set larger code cache with -XX:ReservedCodeCacheSize=
#   JVM is running with Unscaled Compressed Oops mode in which the Java heap is
#     placed in the first 4GB address space. The Java Heap base address is the
#     maximum limit for the native heap growth. Please use -XX:HeapBaseMinAddress
#     to set the Java Heap base and to place the Java Heap above 4GB virtual address.
# This output file may be truncated or incomplete.
#
#  Out of Memory Error (arena.cpp:197), pid=19296, tid=19584
#
# JRE version: OpenJDK Runtime Environment Microsoft-8035250 (11.0.20+8) (build 11.0.20+8-LTS)
# Java VM: OpenJDK 64-Bit Server VM Microsoft-8035250 (11.0.20+8-LTS, mixed mode, tiered, compressed oops, g1 gc, windows-amd64)
# No core dump will be written. Minidumps are not enabled by default on client versions of Windows
#

---------------  S U M M A R Y ------------

Command Line: -XX:MaxMetaspaceSize=512m --add-opens=java.base/java.util=ALL-UNNAMED --add-opens=java.base/java.lang=ALL-UNNAMED --add-opens=java.base/java.lang.invoke=ALL-UNNAMED --add-opens=java.prefs/java.util.prefs=ALL-UNNAMED --add-opens=java.base/java.nio.charset=ALL-UNNAMED --add-opens=java.base/java.net=ALL-UNNAMED --add-opens=java.base/java.util.concurrent.atomic=ALL-UNNAMED -Xmx2048m -Dfile.encoding=windows-1252 -Duser.country=US -Duser.language=en -Duser.variant org.gradle.launcher.daemon.bootstrap.GradleDaemon 8.0.1

Host: Intel(R) Core(TM) i5-6300U CPU @ 2.40GHz, 4 cores, 7G,  Windows 10 , 64 bit Build 19041 (10.0.19041.3636)
Time: Sun Dec 31 17:59:47 2023 Pakistan Standard Time elapsed time: 647.374660 seconds (0d 0h 10m 47s)

---------------  T H R E A D  ---------------

Current thread (0x0000029a07a33800):  JavaThread "C2 CompilerThread0" daemon [_thread_in_native, id=19584, stack(0x000000f868100000,0x000000f868200000)]


Current CompileTask:
C2: 647374 9746   !   4       com.sun.beans.TypeResolver::resolve (261 bytes)

Stack: [0x000000f868100000,0x000000f868200000]
Native frames: (J=compiled Java code, j=interpreted, Vv=VM code, C=native code)
V  [jvm.dll+0x62e9da]
V  [jvm.dll+0x7bc4e9]
V  [jvm.dll+0x7bdbd8]
V  [jvm.dll+0x7be2b3]
V  [jvm.dll+0x2505a8]
V  [jvm.dll+0xc263c]
V  [jvm.dll+0xc2bfc]
V  [jvm.dll+0x35fdc7]
V  [jvm.dll+0x32bf13]
V  [jvm.dll+0x32b24a]
V  [jvm.dll+0x2097e3]
V  [jvm.dll+0x20893d]
V  [jvm.dll+0x18a7de]
V  [jvm.dll+0x2181ec]
V  [jvm.dll+0x21642b]
V  [jvm.dll+0x77efc0]
V  [jvm.dll+0x777db4]
V  [jvm.dll+0x62d845]
C  [ucrtbase.dll+0x21bb2]
C  [KERNEL32.DLL+0x17344]
C  [ntdll.dll+0x526b1]


---------------  P R O C E S S  ---------------

Threads class SMR info:
_java_thread_list=0x0000029a0f0a5e50, length=84, elements={
0x0000029a6887e800, 0x0000029a070bc800, 0x0000029a070bd800, 0x0000029a07121000,
0x0000029a07123000, 0x0000029a07a30800, 0x0000029a07a33800, 0x0000029a07a36800,
0x0000029a07a99800, 0x0000029a07b8d800, 0x0000029a08866800, 0x0000029a08bd3800,
0x0000029a08a74000, 0x0000029a08680000, 0x0000029a08681000, 0x0000029a082a6000,
0x0000029a08717800, 0x0000029a0813b800, 0x0000029a09868000, 0x0000029a08eb5000,
0x0000029a08eb6000, 0x0000029a08eb7000, 0x0000029a08eb3800, 0x0000029a08eb7800,
0x0000029a08eb9000, 0x0000029a08eba000, 0x0000029a08eb4800, 0x0000029a09e2c800,
0x0000029a09e30800, 0x0000029a09e2b800, 0x0000029a09e2e000, 0x0000029a09e2d800,
0x0000029a09e2b000, 0x0000029a09e32000, 0x0000029a09e35800, 0x0000029a09e34800,
0x0000029a09e2f800, 0x0000029a09e34000, 0x0000029a09e36800, 0x0000029a09e33000,
0x0000029a09e37000, 0x0000029a09e31800, 0x0000029a09e38000, 0x0000029a09e39800,
0x0000029a09e38800, 0x0000029a08eb8800, 0x0000029a0b9c2000, 0x0000029a0b9c0800,
0x0000029a0b9bf800, 0x0000029a0b9bd000, 0x0000029a0b9be000, 0x0000029a0b9bc800,
0x0000029a0b9c3000, 0x0000029a0b9c3800, 0x0000029a0b9c4800, 0x0000029a0b9bf000,
0x0000029a0b9c1000, 0x0000029a0b9ca000, 0x0000029a0b9c7000, 0x0000029a0b9c5800,
0x0000029a0b9c8800, 0x0000029a0b9c9800, 0x0000029a0b9c7800, 0x0000029a0b9c6000,
0x0000029a0b9cb000, 0x0000029a0bfca000, 0x0000029a0bfcc800, 0x0000029a0bfcb000,
0x0000029a0bfd0000, 0x0000029a0bfce800, 0x0000029a0bfd1000, 0x0000029a0bfcd800,
0x0000029a0bfd1800, 0x0000029a0bfcc000, 0x0000029a0bfd6800, 0x0000029a0bfd3000,
0x0000029a0bfd4000, 0x0000029a0bfd8000, 0x0000029a0bfd2800, 0x0000029a0bfd5000,
0x0000029a0bfd9000, 0x0000029a0bfd5800, 0x0000029a0bfd7800, 0x0000029a0edc0800
}

Java Threads: ( => current thread )
  0x0000029a6887e800 JavaThread "main" [_thread_blocked, id=14488, stack(0x000000f867500000,0x000000f867600000)]
  0x0000029a070bc800 JavaThread "Reference Handler" daemon [_thread_blocked, id=19544, stack(0x000000f867c00000,0x000000f867d00000)]
  0x0000029a070bd800 JavaThread "Finalizer" daemon [_thread_blocked, id=19548, stack(0x000000f867d00000,0x000000f867e00000)]
  0x0000029a07121000 JavaThread "Signal Dispatcher" daemon [_thread_blocked, id=19572, stack(0x000000f867e00000,0x000000f867f00000)]
  0x0000029a07123000 JavaThread "Attach Listener" daemon [_thread_blocked, id=19576, stack(0x000000f867f00000,0x000000f868000000)]
  0x0000029a07a30800 JavaThread "Service Thread" daemon [_thread_blocked, id=19580, stack(0x000000f868000000,0x000000f868100000)]
=>0x0000029a07a33800 JavaThread "C2 CompilerThread0" daemon [_thread_in_native, id=19584, stack(0x000000f868100000,0x000000f868200000)]
  0x0000029a07a36800 JavaThread "C1 CompilerThread0" daemon [_thread_blocked, id=19592, stack(0x000000f868200000,0x000000f868300000)]
  0x0000029a07a99800 JavaThread "Sweeper thread" daemon [_thread_blocked, id=19600, stack(0x000000f868300000,0x000000f868400000)]
  0x0000029a07b8d800 JavaThread "Common-Cleaner" daemon [_thread_blocked, id=19668, stack(0x000000f868400000,0x000000f868500000)]
  0x0000029a08866800 JavaThread "Daemon health stats" [_thread_blocked, id=19092, stack(0x000000f868700000,0x000000f868800000)]
  0x0000029a08bd3800 JavaThread "Incoming local TCP Connector on port 63176" [_thread_in_native, id=19596, stack(0x000000f867200000,0x000000f867300000)]
  0x0000029a08a74000 JavaThread "Daemon periodic checks" [_thread_blocked, id=19752, stack(0x000000f868800000,0x000000f868900000)]
  0x0000029a08680000 JavaThread "Daemon" [_thread_blocked, id=18860, stack(0x000000f868900000,0x000000f868a00000)]
  0x0000029a08681000 JavaThread "Handler for socket connection from /127.0.0.1:63176 to /127.0.0.1:63187" [_thread_in_native, id=18900, stack(0x000000f868a00000,0x000000f868b00000)]
  0x0000029a082a6000 JavaThread "Cancel handler" [_thread_blocked, id=784, stack(0x000000f868b00000,0x000000f868c00000)]
  0x0000029a08717800 JavaThread "Daemon worker" [_thread_in_vm, id=12568, stack(0x000000f868c00000,0x000000f868d00000)]
  0x0000029a0813b800 JavaThread "Asynchronous log dispatcher for DefaultDaemonConnection: socket connection from /127.0.0.1:63176 to /127.0.0.1:63187" [_thread_blocked, id=4180, stack(0x000000f868d00000,0x000000f868e00000)]
  0x0000029a09868000 JavaThread "Daemon client event forwarder" [_thread_blocked, id=6284, stack(0x000000f868f00000,0x000000f869000000)]
  0x0000029a08eb5000 JavaThread "Cache worker for journal cache (C:\Users\tahay\.gradle\caches\journal-1)" [_thread_blocked, id=19128, stack(0x000000f867300000,0x000000f867400000)]
  0x0000029a08eb6000 JavaThread "File lock request listener" [_thread_in_native, id=6512, stack(0x000000f867400000,0x000000f867500000)]
  0x0000029a08eb7000 JavaThread "Cache worker for file hash cache (C:\Users\tahay\.gradle\caches\8.0.1\fileHashes)" [_thread_blocked, id=19740, stack(0x000000f869500000,0x000000f869600000)]
  0x0000029a08eb3800 JavaThread "File watcher server" daemon [_thread_in_native, id=17076, stack(0x000000f869600000,0x000000f869700000)]
  0x0000029a08eb7800 JavaThread "File watcher consumer" daemon [_thread_blocked, id=19652, stack(0x000000f869700000,0x000000f869800000)]
  0x0000029a08eb9000 JavaThread "Cache worker for checksums cache (E:\REACT_NATIVE\LittleLemon\android\.gradle\8.0.1\checksums)" [_thread_blocked, id=6388, stack(0x000000f869800000,0x000000f869900000)]
  0x0000029a08eba000 JavaThread "Cache worker for cache directory md-rule (C:\Users\tahay\.gradle\caches\8.0.1\md-rule)" [_thread_blocked, id=6048, stack(0x000000f869900000,0x000000f869a00000)]
  0x0000029a08eb4800 JavaThread "Cache worker for file content cache (C:\Users\tahay\.gradle\caches\8.0.1\fileContent)" [_thread_blocked, id=10848, stack(0x000000f869a00000,0x000000f869b00000)]
  0x0000029a09e2c800 JavaThread "Cache worker for file hash cache (E:\REACT_NATIVE\LittleLemon\android\.gradle\8.0.1\fileHashes)" [_thread_blocked, id=11212, stack(0x000000f869b00000,0x000000f869c00000)]
  0x0000029a09e30800 JavaThread "Cache worker for cache directory md-supplier (C:\Users\tahay\.gradle\caches\8.0.1\md-supplier)" [_thread_blocked, id=6516, stack(0x000000f869c00000,0x000000f869d00000)]
  0x0000029a09e2b800 JavaThread "Cache worker for execution history cache (C:\Users\tahay\.gradle\caches\8.0.1\executionHistory)" [_thread_blocked, id=2756, stack(0x000000f869d00000,0x000000f869e00000)]
  0x0000029a09e2e000 JavaThread "jar transforms" [_thread_blocked, id=13316, stack(0x000000f868e00000,0x000000f868f00000)]
  0x0000029a09e2d800 JavaThread "jar transforms Thread 2" [_thread_blocked, id=7212, stack(0x000000f869e00000,0x000000f869f00000)]
  0x0000029a09e2b000 JavaThread "jar transforms Thread 3" [_thread_blocked, id=21836, stack(0x000000f869f00000,0x000000f86a000000)]
  0x0000029a09e32000 JavaThread "jar transforms Thread 4" [_thread_blocked, id=21964, stack(0x000000f86a000000,0x000000f86a100000)]
  0x0000029a09e35800 JavaThread "File lock release action executor Thread 2" [_thread_blocked, id=18244, stack(0x000000f869200000,0x000000f869300000)]
  0x0000029a09e34800 JavaThread "Cache worker for kotlin-dsl (C:\Users\tahay\.gradle\caches\8.0.1\kotlin-dsl)" [_thread_blocked, id=21960, stack(0x000000f869300000,0x000000f869400000)]
  0x0000029a09e2f800 JavaThread "Cache worker for dependencies-accessors (E:\REACT_NATIVE\LittleLemon\android\.gradle\8.0.1\dependencies-accessors)" [_thread_blocked, id=22792, stack(0x000000f86a100000,0x000000f86a200000)]
  0x0000029a09e34000 JavaThread "Cache worker for Build Output Cleanup Cache (E:\REACT_NATIVE\LittleLemon\node_modules\@react-native\gradle-plugin\.gradle\buildOutputCleanup)" [_thread_blocked, id=23068, stack(0x000000f86a200000,0x000000f86a300000)]
  0x0000029a09e36800 JavaThread "Unconstrained build operations" [_thread_blocked, id=22708, stack(0x000000f86a300000,0x000000f86a400000)]
  0x0000029a09e33000 JavaThread "Unconstrained build operations Thread 2" [_thread_blocked, id=22716, stack(0x000000f86a400000,0x000000f86a500000)]
  0x0000029a09e37000 JavaThread "Unconstrained build operations Thread 3" [_thread_blocked, id=22720, stack(0x000000f86a500000,0x000000f86a600000)]
  0x0000029a09e31800 JavaThread "Unconstrained build operations Thread 4" [_thread_blocked, id=22732, stack(0x000000f86a600000,0x000000f86a700000)]
  0x0000029a09e38000 JavaThread "Unconstrained build operations Thread 5" [_thread_blocked, id=22728, stack(0x000000f86a700000,0x000000f86a800000)]
  0x0000029a09e39800 JavaThread "Unconstrained build operations Thread 6" [_thread_blocked, id=14520, stack(0x000000f86a800000,0x000000f86a900000)]
  0x0000029a09e38800 JavaThread "Unconstrained build operations Thread 7" [_thread_blocked, id=4772, stack(0x000000f86a900000,0x000000f86aa00000)]
  0x0000029a08eb8800 JavaThread "Unconstrained build operations Thread 8" [_thread_blocked, id=20996, stack(0x000000f86aa00000,0x000000f86ab00000)]
  0x0000029a0b9c2000 JavaThread "Unconstrained build operations Thread 9" [_thread_blocked, id=19520, stack(0x000000f86ab00000,0x000000f86ac00000)]
  0x0000029a0b9c0800 JavaThread "Unconstrained build operations Thread 10" [_thread_blocked, id=14544, stack(0x000000f86ac00000,0x000000f86ad00000)]
  0x0000029a0b9bf800 JavaThread "Unconstrained build operations Thread 11" [_thread_blocked, id=12284, stack(0x000000f86ad00000,0x000000f86ae00000)]
  0x0000029a0b9bd000 JavaThread "Unconstrained build operations Thread 12" [_thread_blocked, id=21992, stack(0x000000f86ae00000,0x000000f86af00000)]
  0x0000029a0b9be000 JavaThread "Unconstrained build operations Thread 13" [_thread_blocked, id=2584, stack(0x000000f86af00000,0x000000f86b000000)]
  0x0000029a0b9bc800 JavaThread "Unconstrained build operations Thread 14" [_thread_blocked, id=21268, stack(0x000000f86b000000,0x000000f86b100000)]
  0x0000029a0b9c3000 JavaThread "Unconstrained build operations Thread 15" [_thread_blocked, id=3584, stack(0x000000f86b100000,0x000000f86b200000)]
  0x0000029a0b9c3800 JavaThread "Unconstrained build operations Thread 16" [_thread_blocked, id=22268, stack(0x000000f86b200000,0x000000f86b300000)]
  0x0000029a0b9c4800 JavaThread "Unconstrained build operations Thread 17" [_thread_blocked, id=11832, stack(0x000000f86b300000,0x000000f86b400000)]
  0x0000029a0b9bf000 JavaThread "Unconstrained build operations Thread 18" [_thread_blocked, id=13500, stack(0x000000f86b400000,0x000000f86b500000)]
  0x0000029a0b9c1000 JavaThread "Unconstrained build operations Thread 19" [_thread_blocked, id=13176, stack(0x000000f86b500000,0x000000f86b600000)]
  0x0000029a0b9ca000 JavaThread "Unconstrained build operations Thread 20" [_thread_blocked, id=12360, stack(0x000000f86b600000,0x000000f86b700000)]
  0x0000029a0b9c7000 JavaThread "Unconstrained build operations Thread 21" [_thread_blocked, id=4600, stack(0x000000f86b700000,0x000000f86b800000)]
  0x0000029a0b9c5800 JavaThread "Unconstrained build operations Thread 22" [_thread_blocked, id=21056, stack(0x000000f86b800000,0x000000f86b900000)]
  0x0000029a0b9c8800 JavaThread "Unconstrained build operations Thread 23" [_thread_blocked, id=22928, stack(0x000000f86b900000,0x000000f86ba00000)]
  0x0000029a0b9c9800 JavaThread "Unconstrained build operations Thread 24" [_thread_blocked, id=22916, stack(0x000000f86ba00000,0x000000f86bb00000)]
  0x0000029a0b9c7800 JavaThread "Unconstrained build operations Thread 25" [_thread_blocked, id=15684, stack(0x000000f86bb00000,0x000000f86bc00000)]
  0x0000029a0b9c6000 JavaThread "Unconstrained build operations Thread 26" [_thread_blocked, id=22920, stack(0x000000f86bc00000,0x000000f86bd00000)]
  0x0000029a0b9cb000 JavaThread "Memory manager" [_thread_blocked, id=1348, stack(0x000000f869400000,0x000000f869500000)]
  0x0000029a0bfca000 JavaThread "Cache worker for Build Output Cleanup Cache (E:\REACT_NATIVE\LittleLemon\android\.gradle\buildOutputCleanup)" [_thread_blocked, id=23276, stack(0x000000f86bd00000,0x000000f86be00000)]
  0x0000029a0bfcc800 JavaThread "Execution worker" [_thread_blocked, id=23656, stack(0x000000f86bf00000,0x000000f86c000000)]
  0x0000029a0bfcb000 JavaThread "Execution worker Thread 2" [_thread_blocked, id=23660, stack(0x000000f86c000000,0x000000f86c100000)]
  0x0000029a0bfd0000 JavaThread "Execution worker Thread 3" [_thread_blocked, id=23664, stack(0x000000f86c100000,0x000000f86c200000)]
  0x0000029a0bfce800 JavaThread "Cache worker for execution history cache (E:\REACT_NATIVE\LittleLemon\node_modules\@react-native\gradle-plugin\.gradle\8.0.1\executionHistory)" [_thread_blocked, id=23716, stack(0x000000f86c200000,0x000000f86c300000)]
  0x0000029a0bfd1000 JavaThread "Unconstrained build operations Thread 27" [_thread_blocked, id=24248, stack(0x000000f86c300000,0x000000f86c400000)]
  0x0000029a0bfcd800 JavaThread "Unconstrained build operations Thread 28" [_thread_blocked, id=24252, stack(0x000000f86c400000,0x000000f86c500000)]
  0x0000029a0bfd1800 JavaThread "Unconstrained build operations Thread 29" [_thread_blocked, id=24256, stack(0x000000f86c500000,0x000000f86c600000)]
  0x0000029a0bfcc000 JavaThread "Unconstrained build operations Thread 30" [_thread_blocked, id=24260, stack(0x000000f86c600000,0x000000f86c700000)]
  0x0000029a0bfd6800 JavaThread "Unconstrained build operations Thread 31" [_thread_blocked, id=24304, stack(0x000000f86c700000,0x000000f86c800000)]
  0x0000029a0bfd3000 JavaThread "Unconstrained build operations Thread 32" [_thread_blocked, id=24308, stack(0x000000f86c800000,0x000000f86c900000)]
  0x0000029a0bfd4000 JavaThread "Unconstrained build operations Thread 33" [_thread_blocked, id=24312, stack(0x000000f86c900000,0x000000f86ca00000)]
  0x0000029a0bfd8000 JavaThread "Unconstrained build operations Thread 34" [_thread_blocked, id=24316, stack(0x000000f86ca00000,0x000000f86cb00000)]
  0x0000029a0bfd2800 JavaThread "Unconstrained build operations Thread 35" [_thread_blocked, id=24320, stack(0x000000f86cb00000,0x000000f86cc00000)]
  0x0000029a0bfd5000 JavaThread "Unconstrained build operations Thread 36" [_thread_blocked, id=24324, stack(0x000000f86cc00000,0x000000f86cd00000)]
  0x0000029a0bfd9000 JavaThread "Unconstrained build operations Thread 37" [_thread_blocked, id=24328, stack(0x000000f86cd00000,0x000000f86ce00000)]
  0x0000029a0bfd5800 JavaThread "Unconstrained build operations Thread 38" [_thread_blocked, id=24332, stack(0x000000f86ce00000,0x000000f86cf00000)]
  0x0000029a0bfd7800 JavaThread "Unconstrained build operations Thread 39" [_thread_blocked, id=24336, stack(0x000000f86cf00000,0x000000f86d000000)]
  0x0000029a0edc0800 JavaThread "Unconstrained build operations Thread 40" [_thread_blocked, id=24340, stack(0x000000f86d000000,0x000000f86d100000)]

Other Threads:
  0x0000029a070b9000 VMThread "VM Thread" [stack: 0x000000f867b00000,0x000000f867c00000] [id=19460]
  0x0000029a07bbc000 WatcherThread [stack: 0x000000f868500000,0x000000f868600000] [id=19672]
  0x0000029a68898000 GCTaskThread "GC Thread#0" [stack: 0x000000f867600000,0x000000f867700000] [id=17744]
  0x0000029a08044800 GCTaskThread "GC Thread#1" [stack: 0x000000f868600000,0x000000f868700000] [id=21192]
  0x0000029a0854f000 GCTaskThread "GC Thread#2" [stack: 0x000000f869000000,0x000000f869100000] [id=12720]
  0x0000029a0932f800 GCTaskThread "GC Thread#3" [stack: 0x000000f869100000,0x000000f869200000] [id=17928]
  0x0000029a688c9800 ConcurrentGCThread "G1 Main Marker" [stack: 0x000000f867700000,0x000000f867800000] [id=15688]
  0x0000029a688cb000 ConcurrentGCThread "G1 Conc#0" [stack: 0x000000f867800000,0x000000f867900000] [id=10364]
  0x0000029a68957000 ConcurrentGCThread "G1 Refine#0" [stack: 0x000000f867900000,0x000000f867a00000] [id=12960]
  0x0000029a68958000 ConcurrentGCThread "G1 Young RemSet Sampling" [stack: 0x000000f867a00000,0x000000f867b00000] [id=2376]

Threads with active compile tasks:
C2 CompilerThread0   647469 9746   !   4       com.sun.beans.TypeResolver::resolve (261 bytes)

VM state:not at safepoint (normal execution)

VM Mutex/Monitor currently owned by a thread:  ([mutex/lock_event])
[0x0000029a6887b300] SystemDictionary_lock - owner thread: 0x0000029a08717800

Heap address: 0x0000000080000000, size: 2048 MB, Compressed Oops mode: 32-bit
Narrow klass base: 0x0000000000000000, Narrow klass shift: 3
Compressed class space size: 528482304 Address: 0x0000000100000000

Heap:
 garbage-first heap   total 126976K, used 88170K [0x0000000080000000, 0x0000000100000000)
  region size 1024K, 15 young (15360K), 3 survivors (3072K)
 Metaspace       used 85484K, capacity 88164K, committed 88448K, reserved 593920K
  class space    used 10976K, capacity 12046K, committed 12160K, reserved 516096K
Heap Regions: E=young(eden), S=young(survivor), O=old, HS=humongous(starts), HC=humongous(continues), CS=collection set, F=free, A=archive, TAMS=top-at-mark-start (previous, next)
|   0|0x0000000080000000, 0x0000000080100000, 0x0000000080100000|100%| O|  |TAMS 0x0000000080100000, 0x0000000080000000| Untracked 
|   1|0x0000000080100000, 0x0000000080200000, 0x0000000080200000|100%| O|  |TAMS 0x0000000080200000, 0x0000000080100000| Untracked 
|   2|0x0000000080200000, 0x0000000080300000, 0x0000000080300000|100%| O|  |TAMS 0x0000000080300000, 0x0000000080200000| Untracked 
|   3|0x0000000080300000, 0x0000000080400000, 0x0000000080400000|100%|HS|  |TAMS 0x0000000080400000, 0x0000000080300000| Complete 
|   4|0x0000000080400000, 0x0000000080500000, 0x0000000080500000|100%|HC|  |TAMS 0x0000000080500000, 0x0000000080400000| Complete 
|   5|0x0000000080500000, 0x0000000080600000, 0x0000000080600000|100%|HC|  |TAMS 0x0000000080600000, 0x0000000080500000| Complete 
|   6|0x0000000080600000, 0x0000000080700000, 0x0000000080700000|100%|HC|  |TAMS 0x0000000080700000, 0x0000000080600000| Complete 
|   7|0x0000000080700000, 0x0000000080800000, 0x0000000080800000|100%| O|  |TAMS 0x0000000080800000, 0x0000000080700000| Untracked 
|   8|0x0000000080800000, 0x0000000080900000, 0x0000000080900000|100%| O|  |TAMS 0x0000000080900000, 0x0000000080800000| Untracked 
|   9|0x0000000080900000, 0x0000000080a00000, 0x0000000080a00000|100%| O|  |TAMS 0x0000000080a00000, 0x0000000080900000| Untracked 
|  10|0x0000000080a00000, 0x0000000080b00000, 0x0000000080b00000|100%| O|  |TAMS 0x0000000080b00000, 0x0000000080a00000| Untracked 
|  11|0x0000000080b00000, 0x0000000080c00000, 0x0000000080c00000|100%| O|  |TAMS 0x0000000080c00000, 0x0000000080b00000| Untracked 
|  12|0x0000000080c00000, 0x0000000080d00000, 0x0000000080d00000|100%| O|  |TAMS 0x0000000080d00000, 0x0000000080c00000| Untracked 
|  13|0x0000000080d00000, 0x0000000080e00000, 0x0000000080e00000|100%| O|  |TAMS 0x0000000080e00000, 0x0000000080d00000| Untracked 
|  14|0x0000000080e00000, 0x0000000080f00000, 0x0000000080f00000|100%| O|  |TAMS 0x0000000080f00000, 0x0000000080e00000| Untracked 
|  15|0x0000000080f00000, 0x0000000081000000, 0x0000000081000000|100%| O|  |TAMS 0x0000000081000000, 0x0000000080f00000| Untracked 
|  16|0x0000000081000000, 0x0000000081100000, 0x0000000081100000|100%| O|  |TAMS 0x0000000081100000, 0x0000000081000000| Untracked 
|  17|0x0000000081100000, 0x0000000081200000, 0x0000000081200000|100%| O|  |TAMS 0x0000000081200000, 0x0000000081100000| Untracked 
|  18|0x0000000081200000, 0x0000000081300000, 0x0000000081300000|100%| O|  |TAMS 0x0000000081300000, 0x0000000081200000| Untracked 
|  19|0x0000000081300000, 0x0000000081400000, 0x0000000081400000|100%| O|  |TAMS 0x0000000081400000, 0x0000000081300000| Untracked 
|  20|0x0000000081400000, 0x0000000081500000, 0x0000000081500000|100%| O|  |TAMS 0x0000000081500000, 0x0000000081400000| Untracked 
|  21|0x0000000081500000, 0x0000000081600000, 0x0000000081600000|100%| O|  |TAMS 0x0000000081600000, 0x0000000081500000| Untracked 
|  22|0x0000000081600000, 0x0000000081700000, 0x0000000081700000|100%| O|  |TAMS 0x0000000081700000, 0x0000000081600000| Untracked 
|  23|0x0000000081700000, 0x0000000081800000, 0x0000000081800000|100%| O|  |TAMS 0x0000000081800000, 0x0000000081700000| Untracked 
|  24|0x0000000081800000, 0x0000000081900000, 0x0000000081900000|100%| O|  |TAMS 0x0000000081900000, 0x0000000081800000| Untracked 
|  25|0x0000000081900000, 0x0000000081a00000, 0x0000000081a00000|100%| O|  |TAMS 0x0000000081a00000, 0x0000000081900000| Untracked 
|  26|0x0000000081a00000, 0x0000000081b00000, 0x0000000081b00000|100%| O|  |TAMS 0x0000000081b00000, 0x0000000081a00000| Untracked 
|  27|0x0000000081b00000, 0x0000000081c00000, 0x0000000081c00000|100%| O|  |TAMS 0x0000000081c00000, 0x0000000081b00000| Untracked 
|  28|0x0000000081c00000, 0x0000000081d00000, 0x0000000081d00000|100%| O|  |TAMS 0x0000000081d00000, 0x0000000081c00000| Untracked 
|  29|0x0000000081d00000, 0x0000000081e00000, 0x0000000081e00000|100%| O|  |TAMS 0x0000000081e00000, 0x0000000081d00000| Untracked 
|  30|0x0000000081e00000, 0x0000000081f00000, 0x0000000081f00000|100%|HS|  |TAMS 0x0000000081f00000, 0x0000000081e00000| Complete 
|  31|0x0000000081f00000, 0x0000000082000000, 0x0000000082000000|100%|HC|  |TAMS 0x0000000082000000, 0x0000000081f00000| Complete 
|  32|0x0000000082000000, 0x0000000082100000, 0x0000000082100000|100%|HS|  |TAMS 0x0000000082100000, 0x0000000082000000| Complete 
|  33|0x0000000082100000, 0x0000000082200000, 0x0000000082200000|100%|HC|  |TAMS 0x0000000082200000, 0x0000000082100000| Complete 
|  34|0x0000000082200000, 0x0000000082300000, 0x0000000082300000|100%|HC|  |TAMS 0x0000000082300000, 0x0000000082200000| Complete 
|  35|0x0000000082300000, 0x0000000082400000, 0x0000000082400000|100%|HC|  |TAMS 0x0000000082400000, 0x0000000082300000| Complete 
|  36|0x0000000082400000, 0x0000000082500000, 0x0000000082500000|100%| O|  |TAMS 0x0000000082500000, 0x0000000082400000| Untracked 
|  37|0x0000000082500000, 0x0000000082600000, 0x0000000082600000|100%| O|  |TAMS 0x0000000082600000, 0x0000000082500000| Untracked 
|  38|0x0000000082600000, 0x0000000082700000, 0x0000000082700000|100%| O|  |TAMS 0x0000000082700000, 0x0000000082600000| Untracked 
|  39|0x0000000082700000, 0x0000000082800000, 0x0000000082800000|100%| O|  |TAMS 0x0000000082800000, 0x0000000082700000| Untracked 
|  40|0x0000000082800000, 0x0000000082900000, 0x0000000082900000|100%| O|  |TAMS 0x0000000082900000, 0x0000000082800000| Untracked 
|  41|0x0000000082900000, 0x0000000082a00000, 0x0000000082a00000|100%| O|  |TAMS 0x0000000082a00000, 0x0000000082900000| Untracked 
|  42|0x0000000082a00000, 0x0000000082b00000, 0x0000000082b00000|100%| O|  |TAMS 0x0000000082b00000, 0x0000000082a00000| Untracked 
|  43|0x0000000082b00000, 0x0000000082c00000, 0x0000000082c00000|100%| O|  |TAMS 0x0000000082c00000, 0x0000000082b00000| Untracked 
|  44|0x0000000082c00000, 0x0000000082d00000, 0x0000000082d00000|100%| O|  |TAMS 0x0000000082d00000, 0x0000000082c00000| Untracked 
|  45|0x0000000082d00000, 0x0000000082e00000, 0x0000000082e00000|100%| O|  |TAMS 0x0000000082e00000, 0x0000000082d00000| Untracked 
|  46|0x0000000082e00000, 0x0000000082f00000, 0x0000000082f00000|100%| O|  |TAMS 0x0000000082f00000, 0x0000000082e00000| Untracked 
|  47|0x0000000082f00000, 0x0000000083000000, 0x0000000083000000|100%| O|  |TAMS 0x0000000083000000, 0x0000000082f00000| Untracked 
|  48|0x0000000083000000, 0x0000000083100000, 0x0000000083100000|100%|HS|  |TAMS 0x0000000083100000, 0x0000000083000000| Complete 
|  49|0x0000000083100000, 0x0000000083200000, 0x0000000083200000|100%|HS|  |TAMS 0x0000000083200000, 0x0000000083100000| Complete 
|  50|0x0000000083200000, 0x0000000083300000, 0x0000000083300000|100%| O|  |TAMS 0x0000000083300000, 0x0000000083200000| Untracked 
|  51|0x0000000083300000, 0x0000000083400000, 0x0000000083400000|100%| O|  |TAMS 0x0000000083400000, 0x0000000083300000| Untracked 
|  52|0x0000000083400000, 0x0000000083500000, 0x0000000083500000|100%| O|  |TAMS 0x0000000083500000, 0x0000000083400000| Untracked 
|  53|0x0000000083500000, 0x0000000083600000, 0x0000000083600000|100%| O|  |TAMS 0x0000000083600000, 0x0000000083500000| Untracked 
|  54|0x0000000083600000, 0x0000000083700000, 0x0000000083700000|100%| O|  |TAMS 0x0000000083700000, 0x0000000083600000| Untracked 
|  55|0x0000000083700000, 0x0000000083800000, 0x0000000083800000|100%| O|  |TAMS 0x0000000083800000, 0x0000000083700000| Untracked 
|  56|0x0000000083800000, 0x0000000083900000, 0x0000000083900000|100%| O|  |TAMS 0x0000000083900000, 0x0000000083800000| Untracked 
|  57|0x0000000083900000, 0x0000000083a00000, 0x0000000083a00000|100%| O|  |TAMS 0x0000000083a00000, 0x0000000083900000| Untracked 
|  58|0x0000000083a00000, 0x0000000083b00000, 0x0000000083b00000|100%| O|  |TAMS 0x0000000083b00000, 0x0000000083a00000| Untracked 
|  59|0x0000000083b00000, 0x0000000083c00000, 0x0000000083c00000|100%| O|  |TAMS 0x0000000083c00000, 0x0000000083b00000| Untracked 
|  60|0x0000000083c00000, 0x0000000083d00000, 0x0000000083d00000|100%| O|  |TAMS 0x0000000083d00000, 0x0000000083c00000| Untracked 
|  61|0x0000000083d00000, 0x0000000083e00000, 0x0000000083e00000|100%| O|  |TAMS 0x0000000083e00000, 0x0000000083d00000| Untracked 
|  62|0x0000000083e00000, 0x0000000083f00000, 0x0000000083f00000|100%| O|  |TAMS 0x0000000083f00000, 0x0000000083e00000| Untracked 
|  63|0x0000000083f00000, 0x0000000084000000, 0x0000000084000000|100%| O|  |TAMS 0x0000000084000000, 0x0000000083f00000| Untracked 
|  64|0x0000000084000000, 0x0000000084100000, 0x0000000084100000|100%| O|  |TAMS 0x0000000084100000, 0x0000000084000000| Untracked 
|  65|0x0000000084100000, 0x0000000084200000, 0x0000000084200000|100%| O|  |TAMS 0x0000000084200000, 0x0000000084100000| Untracked 
|  66|0x0000000084200000, 0x0000000084300000, 0x0000000084300000|100%| O|  |TAMS 0x0000000084300000, 0x0000000084200000| Untracked 
|  67|0x0000000084300000, 0x0000000084400000, 0x0000000084400000|100%| O|  |TAMS 0x0000000084400000, 0x0000000084300000| Untracked 
|  68|0x0000000084400000, 0x0000000084500000, 0x0000000084500000|100%| O|  |TAMS 0x0000000084500000, 0x0000000084400000| Untracked 
|  69|0x0000000084500000, 0x0000000084600000, 0x0000000084600000|100%| O|  |TAMS 0x0000000084600000, 0x0000000084500000| Untracked 
|  70|0x0000000084600000, 0x0000000084700000, 0x0000000084700000|100%| O|  |TAMS 0x0000000084700000, 0x0000000084600000| Untracked 
|  71|0x0000000084700000, 0x0000000084800000, 0x0000000084800000|100%| O|  |TAMS 0x0000000084800000, 0x0000000084700000| Untracked 
|  72|0x0000000084800000, 0x0000000084856000, 0x0000000084900000| 33%| O|  |TAMS 0x0000000084856000, 0x0000000084800000| Untracked 
|  73|0x0000000084900000, 0x0000000084900000, 0x0000000084a00000|  0%| F|  |TAMS 0x0000000084900000, 0x0000000084900000| Untracked 
|  74|0x0000000084a00000, 0x0000000084a00000, 0x0000000084b00000|  0%| F|  |TAMS 0x0000000084a00000, 0x0000000084a00000| Untracked 
|  75|0x0000000084b00000, 0x0000000084b00000, 0x0000000084c00000|  0%| F|  |TAMS 0x0000000084b00000, 0x0000000084b00000| Untracked 
|  76|0x0000000084c00000, 0x0000000084c00000, 0x0000000084d00000|  0%| F|  |TAMS 0x0000000084c00000, 0x0000000084c00000| Untracked 
|  77|0x0000000084d00000, 0x0000000084d00000, 0x0000000084e00000|  0%| F|  |TAMS 0x0000000084d00000, 0x0000000084d00000| Untracked 
|  78|0x0000000084e00000, 0x0000000084e00000, 0x0000000084f00000|  0%| F|  |TAMS 0x0000000084e00000, 0x0000000084e00000| Untracked 
|  79|0x0000000084f00000, 0x0000000084f00000, 0x0000000085000000|  0%| F|  |TAMS 0x0000000084f00000, 0x0000000084f00000| Untracked 
|  80|0x0000000085000000, 0x0000000085000000, 0x0000000085100000|  0%| F|  |TAMS 0x0000000085000000, 0x0000000085000000| Untracked 
|  81|0x0000000085100000, 0x0000000085100000, 0x0000000085200000|  0%| F|  |TAMS 0x0000000085100000, 0x0000000085100000| Untracked 
|  82|0x0000000085200000, 0x0000000085200000, 0x0000000085300000|  0%| F|  |TAMS 0x0000000085200000, 0x0000000085200000| Untracked 
|  83|0x0000000085300000, 0x0000000085300000, 0x0000000085400000|  0%| F|  |TAMS 0x0000000085300000, 0x0000000085300000| Untracked 
|  84|0x0000000085400000, 0x0000000085400000, 0x0000000085500000|  0%| F|  |TAMS 0x0000000085400000, 0x0000000085400000| Untracked 
|  85|0x0000000085500000, 0x0000000085500000, 0x0000000085600000|  0%| F|  |TAMS 0x0000000085500000, 0x0000000085500000| Untracked 
|  86|0x0000000085600000, 0x0000000085600000, 0x0000000085700000|  0%| F|  |TAMS 0x0000000085600000, 0x0000000085600000| Untracked 
|  87|0x0000000085700000, 0x0000000085700000, 0x0000000085800000|  0%| F|  |TAMS 0x0000000085700000, 0x0000000085700000| Untracked 
|  88|0x0000000085800000, 0x0000000085800000, 0x0000000085900000|  0%| F|  |TAMS 0x0000000085800000, 0x0000000085800000| Untracked 
|  89|0x0000000085900000, 0x0000000085900000, 0x0000000085a00000|  0%| F|  |TAMS 0x0000000085900000, 0x0000000085900000| Untracked 
|  90|0x0000000085a00000, 0x0000000085a00000, 0x0000000085b00000|  0%| F|  |TAMS 0x0000000085a00000, 0x0000000085a00000| Untracked 
|  91|0x0000000085b00000, 0x0000000085b00000, 0x0000000085c00000|  0%| F|  |TAMS 0x0000000085b00000, 0x0000000085b00000| Untracked 
|  92|0x0000000085c00000, 0x0000000085c00000, 0x0000000085d00000|  0%| F|  |TAMS 0x0000000085c00000, 0x0000000085c00000| Untracked 
|  93|0x0000000085d00000, 0x0000000085d00000, 0x0000000085e00000|  0%| F|  |TAMS 0x0000000085d00000, 0x0000000085d00000| Untracked 
|  94|0x0000000085e00000, 0x0000000085e00000, 0x0000000085f00000|  0%| F|  |TAMS 0x0000000085e00000, 0x0000000085e00000| Untracked 
|  95|0x0000000085f00000, 0x0000000085f00000, 0x0000000086000000|  0%| F|  |TAMS 0x0000000085f00000, 0x0000000085f00000| Untracked 
|  96|0x0000000086000000, 0x0000000086000000, 0x0000000086100000|  0%| F|  |TAMS 0x0000000086000000, 0x0000000086000000| Untracked 
|  97|0x0000000086100000, 0x0000000086100000, 0x0000000086200000|  0%| F|  |TAMS 0x0000000086100000, 0x0000000086100000| Untracked 
|  98|0x0000000086200000, 0x0000000086200000, 0x0000000086300000|  0%| F|  |TAMS 0x0000000086200000, 0x0000000086200000| Untracked 
|  99|0x0000000086300000, 0x0000000086300000, 0x0000000086400000|  0%| F|  |TAMS 0x0000000086300000, 0x0000000086300000| Untracked 
| 100|0x0000000086400000, 0x00000000864c4980, 0x0000000086500000| 76%| S|CS|TAMS 0x0000000086400000, 0x0000000086400000| Complete 
| 101|0x0000000086500000, 0x0000000086600000, 0x0000000086600000|100%| S|CS|TAMS 0x0000000086500000, 0x0000000086500000| Complete 
| 102|0x0000000086600000, 0x0000000086700000, 0x0000000086700000|100%| S|CS|TAMS 0x0000000086600000, 0x0000000086600000| Complete 
| 103|0x0000000086700000, 0x0000000086700000, 0x0000000086800000|  0%| F|  |TAMS 0x0000000086700000, 0x0000000086700000| Untracked 
| 104|0x0000000086800000, 0x0000000086800000, 0x0000000086900000|  0%| F|  |TAMS 0x0000000086800000, 0x0000000086800000| Untracked 
| 105|0x0000000086900000, 0x0000000086900000, 0x0000000086a00000|  0%| F|  |TAMS 0x0000000086900000, 0x0000000086900000| Untracked 
| 106|0x0000000086a00000, 0x0000000086a00000, 0x0000000086b00000|  0%| F|  |TAMS 0x0000000086a00000, 0x0000000086a00000| Untracked 
| 107|0x0000000086b00000, 0x0000000086b00000, 0x0000000086c00000|  0%| F|  |TAMS 0x0000000086b00000, 0x0000000086b00000| Untracked 
| 108|0x0000000086c00000, 0x0000000086c00000, 0x0000000086d00000|  0%| F|  |TAMS 0x0000000086c00000, 0x0000000086c00000| Untracked 
| 109|0x0000000086d00000, 0x0000000086d00000, 0x0000000086e00000|  0%| F|  |TAMS 0x0000000086d00000, 0x0000000086d00000| Untracked 
| 110|0x0000000086e00000, 0x0000000086e00000, 0x0000000086f00000|  0%| F|  |TAMS 0x0000000086e00000, 0x0000000086e00000| Untracked 
| 111|0x0000000086f00000, 0x0000000086f00000, 0x0000000087000000|  0%| F|  |TAMS 0x0000000086f00000, 0x0000000086f00000| Untracked 
| 112|0x0000000087000000, 0x0000000087100000, 0x0000000087100000|100%| E|  |TAMS 0x0000000087000000, 0x0000000087000000| Complete 
| 113|0x0000000087100000, 0x0000000087200000, 0x0000000087200000|100%| E|CS|TAMS 0x0000000087100000, 0x0000000087100000| Complete 
| 114|0x0000000087200000, 0x0000000087300000, 0x0000000087300000|100%| E|CS|TAMS 0x0000000087200000, 0x0000000087200000| Complete 
| 115|0x0000000087300000, 0x0000000087400000, 0x0000000087400000|100%| E|CS|TAMS 0x0000000087300000, 0x0000000087300000| Complete 
| 116|0x0000000087400000, 0x0000000087500000, 0x0000000087500000|100%| E|CS|TAMS 0x0000000087400000, 0x0000000087400000| Complete 
| 117|0x0000000087500000, 0x0000000087600000, 0x0000000087600000|100%| E|CS|TAMS 0x0000000087500000, 0x0000000087500000| Complete 
| 118|0x0000000087600000, 0x0000000087700000, 0x0000000087700000|100%| E|CS|TAMS 0x0000000087600000, 0x0000000087600000| Complete 
| 119|0x0000000087700000, 0x0000000087800000, 0x0000000087800000|100%| E|CS|TAMS 0x0000000087700000, 0x0000000087700000| Complete 
| 120|0x0000000087800000, 0x0000000087900000, 0x0000000087900000|100%| E|CS|TAMS 0x0000000087800000, 0x0000000087800000| Complete 
| 121|0x0000000087900000, 0x0000000087a00000, 0x0000000087a00000|100%| E|CS|TAMS 0x0000000087900000, 0x0000000087900000| Complete 
| 122|0x0000000087a00000, 0x0000000087b00000, 0x0000000087b00000|100%| E|CS|TAMS 0x0000000087a00000, 0x0000000087a00000| Complete 
| 123|0x0000000087b00000, 0x0000000087c00000, 0x0000000087c00000|100%| E|CS|TAMS 0x0000000087b00000, 0x0000000087b00000| Complete 

Card table byte_map: [0x0000029a00400000,0x0000029a00800000] _byte_map_base: 0x0000029a00000000

Marking Bits (Prev, Next): (CMBitMap*) 0x0000029a688c0bc8, (CMBitMap*) 0x0000029a688c0c00
 Prev Bits: [0x0000029a00c00000, 0x0000029a02c00000)
 Next Bits: [0x0000029a02c00000, 0x0000029a04c00000)

Polling page: 0x0000029a669f0000

Metaspace:

Usage:
  Non-class:     74.33 MB capacity,    72.76 MB ( 98%) used,     1.31 MB (  2%) free+waste,   269.38 KB ( <1%) overhead. 
      Class:     11.76 MB capacity,    10.72 MB ( 91%) used,   941.63 KB (  8%) free+waste,   127.63 KB (  1%) overhead. 
       Both:     86.10 MB capacity,    83.48 MB ( 97%) used,     2.23 MB (  3%) free+waste,   397.00 KB ( <1%) overhead. 

Virtual space:
  Non-class space:       76.00 MB reserved,      74.50 MB ( 98%) committed 
      Class space:      504.00 MB reserved,      11.88 MB (  2%) committed 
             Both:      580.00 MB reserved,      86.38 MB ( 15%) committed 

Chunk freelists:
   Non-Class:  42.00 KB
       Class:  18.00 KB
        Both:  60.00 KB

MaxMetaspaceSize: 512.00 MB
CompressedClassSpaceSize: 504.00 MB
Initial GC threshold: 20.80 MB
Current GC threshold: 143.34 MB
CDS: off

CodeHeap 'non-profiled nmethods': size=120064Kb used=6072Kb max_used=6072Kb free=113991Kb
 bounds [0x0000029a78ac0000, 0x0000029a790b0000, 0x0000029a80000000]
CodeHeap 'profiled nmethods': size=120000Kb used=21838Kb max_used=21838Kb free=98161Kb
 bounds [0x0000029a71590000, 0x0000029a72af0000, 0x0000029a78ac0000]
CodeHeap 'non-nmethods': size=5696Kb used=2385Kb max_used=2431Kb free=3310Kb
 bounds [0x0000029a71000000, 0x0000029a71270000, 0x0000029a71590000]
 total_blobs=10638 nmethods=9726 adapters=824
 compilation: enabled
              stopped_count=0, restarted_count=0
 full_count=0

Compilation events (20 events):
Event: 646.675 Thread 0x0000029a07a36800 9750   !   3       java.beans.PropertyDescriptor::updateGenericsFor (37 bytes)
Event: 646.677 Thread 0x0000029a07a36800 nmethod 9750 0x0000029a72ad1290 code [0x0000029a72ad1560, 0x0000029a72ad25b8]
Event: 646.677 Thread 0x0000029a07a36800 9751       3       com.sun.beans.introspect.MethodInfo::isThrow (42 bytes)
Event: 646.677 Thread 0x0000029a07a36800 nmethod 9751 0x0000029a72ad2b10 code [0x0000029a72ad2d00, 0x0000029a72ad3128]
Event: 646.679 Thread 0x0000029a07a36800 9752       3       java.util.stream.SpinedBuffer::copyInto (129 bytes)
Event: 646.680 Thread 0x0000029a07a36800 nmethod 9752 0x0000029a72ad3290 code [0x0000029a72ad34e0, 0x0000029a72ad3ef8]
Event: 647.049 Thread 0x0000029a07a33800 nmethod 9738 0x0000029a790a2490 code [0x0000029a790a2a60, 0x0000029a790a87c8]
Event: 647.050 Thread 0x0000029a07a33800 9748       4       com.sun.beans.introspect.MethodInfo$MethodOrder::compare (167 bytes)
Event: 647.070 Thread 0x0000029a07a33800 nmethod 9748 0x0000029a790abf10 code [0x0000029a790ac120, 0x0000029a790acc80]
Event: 647.070 Thread 0x0000029a07a33800 9739       4       org.codehaus.groovy.runtime.metaclass.MetaMethodIndex::copyNonPrivateMethods (149 bytes)
Event: 647.083 Thread 0x0000029a07a33800 nmethod 9739 0x0000029a790ad310 code [0x0000029a790ad500, 0x0000029a790ada10]
Event: 647.083 Thread 0x0000029a07a33800 9746   !   4       com.sun.beans.TypeResolver::resolve (261 bytes)
Event: 647.116 Thread 0x0000029a07a36800 9754       3       org.gradle.internal.metaobject.BeanDynamicObject::access$400 (5 bytes)
Event: 647.116 Thread 0x0000029a07a36800 nmethod 9754 0x0000029a72ad4210 code [0x0000029a72ad43c0, 0x0000029a72ad44c8]
Event: 647.116 Thread 0x0000029a07a36800 9755       3       org.gradle.internal.metaobject.BeanDynamicObject::getMetaClass (39 bytes)
Event: 647.116 Thread 0x0000029a07a36800 nmethod 9755 0x0000029a72ad4590 code [0x0000029a72ad47c0, 0x0000029a72ad4f08]
Event: 647.125 Thread 0x0000029a07a36800 9756       1       org.codehaus.groovy.runtime.metaclass.NewStaticMetaMethod::isStatic (2 bytes)
Event: 647.125 Thread 0x0000029a07a36800 nmethod 9756 0x0000029a790ade10 code [0x0000029a790adfc0, 0x0000029a790ae078]
Event: 647.234 Thread 0x0000029a07a36800 9759       3       java.beans.Introspector::processPropertyDescriptors (959 bytes)
Event: 647.247 Thread 0x0000029a07a36800 nmethod 9759 0x0000029a72ad5110 code [0x0000029a72ad5ea0, 0x0000029a72ae0a98]

GC Heap History (20 events):
Event: 611.939 GC heap before
{Heap before GC invocations=26 (full 0):
 garbage-first heap   total 126976K, used 76934K [0x0000000080000000, 0x0000000100000000)
  region size 1024K, 6 young (6144K), 1 survivors (1024K)
 Metaspace       used 79941K, capacity 82399K, committed 82688K, reserved 587776K
  class space    used 10214K, capacity 11226K, committed 11264K, reserved 516096K
}
Event: 611.957 GC heap after
{Heap after GC invocations=27 (full 0):
 garbage-first heap   total 126976K, used 71425K [0x0000000080000000, 0x0000000100000000)
  region size 1024K, 1 young (1024K), 1 survivors (1024K)
 Metaspace       used 79941K, capacity 82399K, committed 82688K, reserved 587776K
  class space    used 10214K, capacity 11226K, committed 11264K, reserved 516096K
}
Event: 613.062 GC heap before
{Heap before GC invocations=28 (full 0):
 garbage-first heap   total 126976K, used 76545K [0x0000000080000000, 0x0000000100000000)
  region size 1024K, 6 young (6144K), 1 survivors (1024K)
 Metaspace       used 79950K, capacity 82399K, committed 82688K, reserved 587776K
  class space    used 10214K, capacity 11226K, committed 11264K, reserved 516096K
}
Event: 613.072 GC heap after
{Heap after GC invocations=29 (full 0):
 garbage-first heap   total 126976K, used 72661K [0x0000000080000000, 0x0000000100000000)
  region size 1024K, 1 young (1024K), 1 survivors (1024K)
 Metaspace       used 79950K, capacity 82399K, committed 82688K, reserved 587776K
  class space    used 10214K, capacity 11226K, committed 11264K, reserved 516096K
}
Event: 613.098 GC heap before
{Heap before GC invocations=29 (full 0):
 garbage-first heap   total 126976K, used 72661K [0x0000000080000000, 0x0000000100000000)
  region size 1024K, 2 young (2048K), 1 survivors (1024K)
 Metaspace       used 79950K, capacity 82399K, committed 82688K, reserved 587776K
  class space    used 10214K, capacity 11226K, committed 11264K, reserved 516096K
}
Event: 613.104 GC heap after
{Heap after GC invocations=30 (full 0):
 garbage-first heap   total 126976K, used 73377K [0x0000000080000000, 0x0000000100000000)
  region size 1024K, 1 young (1024K), 1 survivors (1024K)
 Metaspace       used 79950K, capacity 82399K, committed 82688K, reserved 587776K
  class space    used 10214K, capacity 11226K, committed 11264K, reserved 516096K
}
Event: 615.966 GC heap before
{Heap before GC invocations=31 (full 0):
 garbage-first heap   total 126976K, used 80545K [0x0000000080000000, 0x0000000100000000)
  region size 1024K, 6 young (6144K), 1 survivors (1024K)
 Metaspace       used 80112K, capacity 82551K, committed 82688K, reserved 587776K
  class space    used 10248K, capacity 11230K, committed 11264K, reserved 516096K
}
Event: 615.972 GC heap after
{Heap after GC invocations=32 (full 0):
 garbage-first heap   total 126976K, used 75142K [0x0000000080000000, 0x0000000100000000)
  region size 1024K, 1 young (1024K), 1 survivors (1024K)
 Metaspace       used 80112K, capacity 82551K, committed 82688K, reserved 587776K
  class space    used 10248K, capacity 11230K, committed 11264K, reserved 516096K
}
Event: 628.096 GC heap before
{Heap before GC invocations=32 (full 0):
 garbage-first heap   total 126976K, used 82310K [0x0000000080000000, 0x0000000100000000)
  region size 1024K, 9 young (9216K), 1 survivors (1024K)
 Metaspace       used 80893K, capacity 83357K, committed 83584K, reserved 589824K
  class space    used 10343K, capacity 11327K, committed 11392K, reserved 516096K
}
Event: 628.099 GC heap after
{Heap after GC invocations=33 (full 0):
 garbage-first heap   total 126976K, used 76482K [0x0000000080000000, 0x0000000100000000)
  region size 1024K, 2 young (2048K), 2 survivors (2048K)
 Metaspace       used 80893K, capacity 83357K, committed 83584K, reserved 589824K
  class space    used 10343K, capacity 11327K, committed 11392K, reserved 516096K
}
Event: 631.095 GC heap before
{Heap before GC invocations=34 (full 0):
 garbage-first heap   total 126976K, used 87746K [0x0000000080000000, 0x0000000100000000)
  region size 1024K, 16 young (16384K), 2 survivors (2048K)
 Metaspace       used 82056K, capacity 84425K, committed 84480K, reserved 589824K
  class space    used 10491K, capacity 11490K, committed 11520K, reserved 516096K
}
Event: 631.101 GC heap after
{Heap after GC invocations=35 (full 0):
 garbage-first heap   total 126976K, used 73316K [0x0000000080000000, 0x0000000100000000)
  region size 1024K, 1 young (1024K), 1 survivors (1024K)
 Metaspace       used 82056K, capacity 84425K, committed 84480K, reserved 589824K
  class space    used 10491K, capacity 11490K, committed 11520K, reserved 516096K
}
Event: 635.319 GC heap before
{Heap before GC invocations=35 (full 0):
 garbage-first heap   total 126976K, used 89700K [0x0000000080000000, 0x0000000100000000)
  region size 1024K, 18 young (18432K), 1 survivors (1024K)
 Metaspace       used 83457K, capacity 85921K, committed 86016K, reserved 591872K
  class space    used 10686K, capacity 11688K, committed 11776K, reserved 516096K
}
Event: 635.323 GC heap after
{Heap after GC invocations=36 (full 0):
 garbage-first heap   total 126976K, used 74199K [0x0000000080000000, 0x0000000100000000)
  region size 1024K, 2 young (2048K), 2 survivors (2048K)
 Metaspace       used 83457K, capacity 85921K, committed 86016K, reserved 591872K
  class space    used 10686K, capacity 11688K, committed 11776K, reserved 516096K
}
Event: 637.321 GC heap before
{Heap before GC invocations=37 (full 0):
 garbage-first heap   total 126976K, used 79319K [0x0000000080000000, 0x0000000100000000)
  region size 1024K, 8 young (8192K), 2 survivors (2048K)
 Metaspace       used 84100K, capacity 86504K, committed 86528K, reserved 591872K
  class space    used 10760K, capacity 11753K, committed 11776K, reserved 516096K
}
Event: 637.480 GC heap after
{Heap after GC invocations=38 (full 0):
 garbage-first heap   total 126976K, used 74824K [0x0000000080000000, 0x0000000100000000)
  region size 1024K, 2 young (2048K), 2 survivors (2048K)
 Metaspace       used 84100K, capacity 86504K, committed 86528K, reserved 591872K
  class space    used 10760K, capacity 11753K, committed 11776K, reserved 516096K
}
Event: 643.335 GC heap before
{Heap before GC invocations=39 (full 0):
 garbage-first heap   total 126976K, used 91208K [0x0000000080000000, 0x0000000100000000)
  region size 1024K, 17 young (17408K), 2 survivors (2048K)
 Metaspace       used 85255K, capacity 87718K, committed 88064K, reserved 593920K
  class space    used 10932K, capacity 11937K, committed 12032K, reserved 516096K
}
Event: 643.345 GC heap after
{Heap after GC invocations=40 (full 0):
 garbage-first heap   total 126976K, used 75416K [0x0000000080000000, 0x0000000100000000)
  region size 1024K, 3 young (3072K), 3 survivors (3072K)
 Metaspace       used 85255K, capacity 87718K, committed 88064K, reserved 593920K
  class space    used 10932K, capacity 11937K, committed 12032K, reserved 516096K
}
Event: 645.995 GC heap before
{Heap before GC invocations=40 (full 0):
 garbage-first heap   total 126976K, used 93848K [0x0000000080000000, 0x0000000100000000)
  region size 1024K, 21 young (21504K), 3 survivors (3072K)
 Metaspace       used 85429K, capacity 88004K, committed 88064K, reserved 593920K
  class space    used 10972K, capacity 12014K, committed 12032K, reserved 516096K
}
Event: 646.007 GC heap after
{Heap after GC invocations=41 (full 0):
 garbage-first heap   total 126976K, used 76906K [0x0000000080000000, 0x0000000100000000)
  region size 1024K, 3 young (3072K), 3 survivors (3072K)
 Metaspace       used 85429K, capacity 88004K, committed 88064K, reserved 593920K
  class space    used 10972K, capacity 12014K, committed 12032K, reserved 516096K
}

Deoptimization events (20 events):
Event: 643.395 Thread 0x0000029a08717800 Uncommon trap: trap_request=0xffffffde fr.pc=0x0000029a78fa1d78 relative=0x0000000000000058
Event: 643.395 Thread 0x0000029a08717800 Uncommon trap: reason=class_check action=maybe_recompile pc=0x0000029a78fa1d78 method=groovy.lang.MetaMethod.isStatic()Z @ 1 c2
Event: 643.395 Thread 0x0000029a08717800 DEOPT PACKING pc=0x0000029a78fa1d78 sp=0x000000f868cf8b90
Event: 643.395 Thread 0x0000029a08717800 DEOPT UNPACKING pc=0x0000029a7104a1af sp=0x000000f868cf8b18 mode 2
Event: 643.411 Thread 0x0000029a08717800 Uncommon trap: trap_request=0xffffffc6 fr.pc=0x0000029a7907d0dc relative=0x000000000000183c
Event: 643.411 Thread 0x0000029a08717800 Uncommon trap: reason=bimorphic_or_optimized_type_check action=maybe_recompile pc=0x0000029a7907d0dc method=groovy.lang.MetaClassImpl.filterPropertyMethod(Ljava/lang/Object;ZZ)Ljava/lang/Object; @ 165 c2
Event: 643.411 Thread 0x0000029a08717800 DEOPT PACKING pc=0x0000029a7907d0dc sp=0x000000f868cf8a00
Event: 643.411 Thread 0x0000029a08717800 DEOPT UNPACKING pc=0x0000029a7104a1af sp=0x000000f868cf8a10 mode 2
Event: 644.618 Thread 0x0000029a08717800 Uncommon trap: trap_request=0xffffff4d fr.pc=0x0000029a78c8826c relative=0x000000000000032c
Event: 644.618 Thread 0x0000029a08717800 Uncommon trap: reason=unstable_if action=reinterpret pc=0x0000029a78c8826c method=java.util.StringJoiner.add(Ljava/lang/CharSequence;)Ljava/util/StringJoiner; @ 33 c2
Event: 644.618 Thread 0x0000029a08717800 DEOPT PACKING pc=0x0000029a78c8826c sp=0x000000f868cf56c0
Event: 644.618 Thread 0x0000029a08717800 DEOPT UNPACKING pc=0x0000029a7104a1af sp=0x000000f868cf5670 mode 2
Event: 645.879 Thread 0x0000029a08717800 Uncommon trap: trap_request=0xfffffff4 fr.pc=0x0000029a7909a5e0 relative=0x0000000000003020
Event: 645.879 Thread 0x0000029a08717800 Uncommon trap: reason=null_check action=make_not_entrant pc=0x0000029a7909a5e0 method=java.lang.PublicMethods$MethodList.getMostSpecific()Ljava/lang/reflect/Method; @ 41 c2
Event: 645.879 Thread 0x0000029a08717800 DEOPT PACKING pc=0x0000029a7909a5e0 sp=0x000000f868cf4a60
Event: 645.879 Thread 0x0000029a08717800 DEOPT UNPACKING pc=0x0000029a7104a1af sp=0x000000f868cf4960 mode 2
Event: 646.652 Thread 0x0000029a08717800 Uncommon trap: trap_request=0xfffffff4 fr.pc=0x0000029a78db0fa0 relative=0x0000000000000980
Event: 646.652 Thread 0x0000029a08717800 Uncommon trap: reason=null_check action=make_not_entrant pc=0x0000029a78db0fa0 method=com.sun.beans.introspect.MethodInfo$MethodOrder.compare(Ljava/lang/reflect/Method;Ljava/lang/reflect/Method;)I @ 133 c2
Event: 646.652 Thread 0x0000029a08717800 DEOPT PACKING pc=0x0000029a78db0fa0 sp=0x000000f868cf3530
Event: 646.652 Thread 0x0000029a08717800 DEOPT UNPACKING pc=0x0000029a7104a1af sp=0x000000f868cf34d0 mode 2

Classes redefined (0 events):
No events

Internal exceptions (20 events):
Event: 646.641 Thread 0x0000029a08717800 Exception <a 'java/lang/ClassNotFoundException'{0x00000000877bcfa0}: com/android/build/gradle/internal/dsl/DefaultConfig$AgpDecorated_DecoratedBeanInfo> (0x00000000877bcfa0) thrown at [s\src\hotspot\share\classfile\systemDictionary.cpp, line 230]
Event: 646.644 Thread 0x0000029a08717800 Exception <a 'java/lang/ClassNotFoundException'{0x00000000877d9a20}: com/android/build/gradle/internal/dsl/DefaultConfig$AgpDecoratedBeanInfo> (0x00000000877d9a20) thrown at [s\src\hotspot\share\classfile\systemDictionary.cpp, line 230]
Event: 646.646 Thread 0x0000029a08717800 Exception <a 'java/lang/ClassNotFoundException'{0x00000000877f4c70}: com/android/build/gradle/internal/dsl/DefaultConfigBeanInfo> (0x00000000877f4c70) thrown at [s\src\hotspot\share\classfile\systemDictionary.cpp, line 230]
Event: 646.648 Thread 0x0000029a08717800 Exception <a 'java/lang/ClassNotFoundException'{0x000000008760f398}: com/android/build/gradle/internal/dsl/BaseFlavorBeanInfo> (0x000000008760f398) thrown at [s\src\hotspot\share\classfile\systemDictionary.cpp, line 230]
Event: 646.649 Thread 0x0000029a08717800 Exception <a 'java/lang/ClassNotFoundException'{0x0000000087629388}: com/android/builder/core/AbstractProductFlavorBeanInfo> (0x0000000087629388) thrown at [s\src\hotspot\share\classfile\systemDictionary.cpp, line 230]
Event: 646.650 Thread 0x0000029a08717800 Exception <a 'java/lang/ClassNotFoundException'{0x0000000087643108}: com/android/builder/internal/BaseConfigImplBeanInfo> (0x0000000087643108) thrown at [s\src\hotspot\share\classfile\systemDictionary.cpp, line 230]
Event: 646.651 Thread 0x0000029a08717800 Exception <a 'java/lang/ClassNotFoundException'{0x000000008765d1a8}: com/android/builder/internal/BaseConfigImplCustomizer> (0x000000008765d1a8) thrown at [s\src\hotspot\share\classfile\systemDictionary.cpp, line 230]
Event: 646.652 Thread 0x0000029a08717800 Implicit null exception at 0x0000029a78db0bf9 to 0x0000029a78db0f8c
Event: 646.658 Thread 0x0000029a08717800 Exception <a 'java/lang/ClassNotFoundException'{0x0000000087695980}: com/android/builder/core/AbstractProductFlavorCustomizer> (0x0000000087695980) thrown at [s\src\hotspot\share\classfile\systemDictionary.cpp, line 230]
Event: 646.661 Thread 0x0000029a08717800 Exception <a 'java/lang/ClassNotFoundException'{0x00000000876eaae8}: com/android/build/gradle/internal/dsl/BaseFlavorCustomizer> (0x00000000876eaae8) thrown at [s\src\hotspot\share\classfile\systemDictionary.cpp, line 230]
Event: 646.665 Thread 0x0000029a08717800 Exception <a 'java/lang/ClassNotFoundException'{0x000000008755e908}: com/android/build/gradle/internal/dsl/DefaultConfigCustomizer> (0x000000008755e908) thrown at [s\src\hotspot\share\classfile\systemDictionary.cpp, line 230]
Event: 646.666 Thread 0x0000029a08717800 Exception <a 'java/lang/ClassNotFoundException'{0x00000000875935a0}: com/android/build/gradle/internal/dsl/DefaultConfig$AgpDecoratedCustomizer> (0x00000000875935a0) thrown at [s\src\hotspot\share\classfile\systemDictionary.cpp, line 230]
Event: 646.669 Thread 0x0000029a08717800 Exception <a 'java/lang/ClassNotFoundException'{0x00000000875f7838}: com/android/build/gradle/internal/dsl/DefaultConfig$AgpDecorated_DecoratedCustomizer> (0x00000000875f7838) thrown at [s\src\hotspot\share\classfile\systemDictionary.cpp, line 230]
Event: 647.131 Thread 0x0000029a08717800 Exception <a 'java/lang/ClassNotFoundException'{0x0000000087359e00}: org/gradle/api/internal/NamedDomainObjectContainerConfigureDelegateBeanInfo> (0x0000000087359e00) thrown at [s\src\hotspot\share\classfile\systemDictionary.cpp, line 230]
Event: 647.132 Thread 0x0000029a08717800 Exception <a 'java/lang/ClassNotFoundException'{0x0000000087394008}: org/gradle/api/internal/NamedDomainObjectContainerConfigureDelegateCustomizer> (0x0000000087394008) thrown at [s\src\hotspot\share\classfile\systemDictionary.cpp, line 230]
Event: 647.198 Thread 0x0000029a08717800 Exception <a 'java/lang/ClassNotFoundException'{0x0000000087002670}: org/gradle/api/internal/FactoryNamedDomainObjectContainer_DecoratedBeanInfo> (0x0000000087002670) thrown at [s\src\hotspot\share\classfile\systemDictionary.cpp, line 230]
Event: 647.199 Thread 0x0000029a08717800 Exception <a 'java/lang/ClassNotFoundException'{0x00000000870395b0}: org/gradle/api/internal/FactoryNamedDomainObjectContainerBeanInfo> (0x00000000870395b0) thrown at [s\src\hotspot\share\classfile\systemDictionary.cpp, line 230]
Event: 647.211 Thread 0x0000029a08717800 Exception <a 'java/lang/ClassNotFoundException'{0x00000000870718a0}: org/gradle/api/internal/AbstractNamedDomainObjectContainerBeanInfo> (0x00000000870718a0) thrown at [s\src\hotspot\share\classfile\systemDictionary.cpp, line 230]
Event: 647.216 Thread 0x0000029a08717800 Exception <a 'java/lang/ClassNotFoundException'{0x00000000870a7f40}: org/gradle/api/internal/DefaultNamedDomainObjectSetBeanInfo> (0x00000000870a7f40) thrown at [s\src\hotspot\share\classfile\systemDictionary.cpp, line 230]
Event: 647.233 Thread 0x0000029a08717800 Exception <a 'java/lang/ClassNotFoundException'{0x00000000870dea20}: org/gradle/api/internal/DefaultNamedDomainObjectSetCustomizer> (0x00000000870dea20) thrown at [s\src\hotspot\share\classfile\systemDictionary.cpp, line 230]

Events (20 events):
Event: 647.211 loading class org/gradle/api/internal/AbstractNamedDomainObjectContainerBeanInfo
Event: 647.211 loading class org/gradle/api/internal/AbstractNamedDomainObjectContainerBeanInfo done
Event: 647.211 loading class org/gradle/api/internal/DefaultNamedDomainObjectSetBeanInfo
Event: 647.211 loading class org/gradle/api/internal/DefaultNamedDomainObjectSetBeanInfo done
Event: 647.213 loading class org/gradle/api/internal/DefaultNamedDomainObjectSetBeanInfo
Event: 647.213 loading class org/gradle/api/internal/DefaultNamedDomainObjectSetBeanInfo done
Event: 647.213 loading class org/gradle/api/internal/DefaultNamedDomainObjectSetBeanInfo
Event: 647.213 loading class org/gradle/api/internal/DefaultNamedDomainObjectSetBeanInfo done
Event: 647.216 loading class org/gradle/api/internal/DefaultNamedDomainObjectSetBeanInfo
Event: 647.216 loading class org/gradle/api/internal/DefaultNamedDomainObjectSetBeanInfo done
Event: 647.217 loading class org/gradle/api/internal/DefaultNamedDomainObjectSetCustomizer
Event: 647.217 loading class org/gradle/api/internal/DefaultNamedDomainObjectSetCustomizer done
Event: 647.219 loading class org/gradle/api/internal/DefaultNamedDomainObjectSetCustomizer
Event: 647.219 loading class org/gradle/api/internal/DefaultNamedDomainObjectSetCustomizer done
Event: 647.231 loading class org/gradle/api/internal/DefaultNamedDomainObjectSetCustomizer
Event: 647.231 loading class org/gradle/api/internal/DefaultNamedDomainObjectSetCustomizer done
Event: 647.233 loading class org/gradle/api/internal/DefaultNamedDomainObjectSetCustomizer
Event: 647.233 loading class org/gradle/api/internal/DefaultNamedDomainObjectSetCustomizer done
Event: 647.234 loading class org/gradle/api/internal/AbstractNamedDomainObjectContainerCustomizer
Event: 647.234 loading class org/gradle/api/internal/AbstractNamedDomainObjectContainerCustomizer done


Dynamic libraries:
0x00007ff7afba0000 - 0x00007ff7afbad000 	C:\Program Files\Microsoft\jdk-11.0.20.8-hotspot\bin\java.exe
0x00007ffdc7290000 - 0x00007ffdc7488000 	C:\Windows\SYSTEM32\ntdll.dll
0x00007ffdc5430000 - 0x00007ffdc54ed000 	C:\Windows\System32\KERNEL32.DLL
0x00007ffdc4ff0000 - 0x00007ffdc52e6000 	C:\Windows\System32\KERNELBASE.dll
0x00007ffdc4dd0000 - 0x00007ffdc4ed0000 	C:\Windows\System32\ucrtbase.dll
0x00007ffdafc10000 - 0x00007ffdafc25000 	C:\Program Files\Microsoft\jdk-11.0.20.8-hotspot\bin\VCRUNTIME140.dll
0x00007ffdafc30000 - 0x00007ffdafc47000 	C:\Program Files\Microsoft\jdk-11.0.20.8-hotspot\bin\jli.dll
0x00007ffdc6630000 - 0x00007ffdc67ce000 	C:\Windows\System32\USER32.dll
0x00007ffdc4ad0000 - 0x00007ffdc4af2000 	C:\Windows\System32\win32u.dll
0x00007ffdc6840000 - 0x00007ffdc686c000 	C:\Windows\System32\GDI32.dll
0x00007ffdc4ed0000 - 0x00007ffdc4fea000 	C:\Windows\System32\gdi32full.dll
0x00007ffdc4970000 - 0x00007ffdc4a0d000 	C:\Windows\System32\msvcp_win.dll
0x00007ffdaea00000 - 0x00007ffdaec9a000 	C:\Windows\WinSxS\amd64_microsoft.windows.common-controls_6595b64144ccf1df_6.0.19041.3636_none_60b6a03d71f818d5\COMCTL32.dll
0x00007ffdc6920000 - 0x00007ffdc69be000 	C:\Windows\System32\msvcrt.dll
0x00007ffdc69d0000 - 0x00007ffdc6a00000 	C:\Windows\System32\IMM32.DLL
0x00007ffdafb70000 - 0x00007ffdafc0b000 	C:\Program Files\Microsoft\jdk-11.0.20.8-hotspot\bin\msvcp140.dll
0x00007ffd7cff0000 - 0x00007ffd7db86000 	C:\Program Files\Microsoft\jdk-11.0.20.8-hotspot\bin\server\jvm.dll
0x00007ffdc6870000 - 0x00007ffdc691f000 	C:\Windows\System32\ADVAPI32.dll
0x00007ffdc5e40000 - 0x00007ffdc5edc000 	C:\Windows\System32\sechost.dll
0x00007ffdc59e0000 - 0x00007ffdc5b06000 	C:\Windows\System32\RPCRT4.dll
0x00007ffdc69c0000 - 0x00007ffdc69c8000 	C:\Windows\System32\PSAPI.DLL
0x00007ffdc0240000 - 0x00007ffdc0249000 	C:\Windows\SYSTEM32\WSOCK32.dll
0x00007ffdc5b10000 - 0x00007ffdc5b7b000 	C:\Windows\System32\WS2_32.dll
0x00007ffdb1c50000 - 0x00007ffdb1c77000 	C:\Windows\SYSTEM32\WINMM.dll
0x00007ffdb1460000 - 0x00007ffdb146a000 	C:\Windows\SYSTEM32\VERSION.dll
0x00007ffdc2710000 - 0x00007ffdc2722000 	C:\Windows\SYSTEM32\kernel.appcore.dll
0x00007ffdb3ca0000 - 0x00007ffdb3cb0000 	C:\Program Files\Microsoft\jdk-11.0.20.8-hotspot\bin\verify.dll
0x00007ffdb1cd0000 - 0x00007ffdb1eb4000 	C:\Windows\SYSTEM32\DBGHELP.DLL
0x00007ffdb1b00000 - 0x00007ffdb1b34000 	C:\Windows\SYSTEM32\dbgcore.DLL
0x00007ffdc4d40000 - 0x00007ffdc4dc2000 	C:\Windows\System32\bcryptPrimitives.dll
0x00007ffdafb40000 - 0x00007ffdafb68000 	C:\Program Files\Microsoft\jdk-11.0.20.8-hotspot\bin\java.dll
0x00007ffdb2a00000 - 0x00007ffdb2a0a000 	C:\Program Files\Microsoft\jdk-11.0.20.8-hotspot\bin\jimage.dll
0x00007ffdafb20000 - 0x00007ffdafb38000 	C:\Program Files\Microsoft\jdk-11.0.20.8-hotspot\bin\zip.dll
0x00007ffdc5ee0000 - 0x00007ffdc6625000 	C:\Windows\System32\SHELL32.dll
0x00007ffdc29f0000 - 0x00007ffdc318b000 	C:\Windows\SYSTEM32\windows.storage.dll
0x00007ffdc5550000 - 0x00007ffdc58a4000 	C:\Windows\System32\combase.dll
0x00007ffdc42d0000 - 0x00007ffdc42fd000 	C:\Windows\SYSTEM32\Wldp.dll
0x00007ffdc6e90000 - 0x00007ffdc6f3d000 	C:\Windows\System32\SHCORE.dll
0x00007ffdc54f0000 - 0x00007ffdc5545000 	C:\Windows\System32\shlwapi.dll
0x00007ffdc48a0000 - 0x00007ffdc48c5000 	C:\Windows\SYSTEM32\profapi.dll
0x00007ffdafa80000 - 0x00007ffdafa99000 	C:\Program Files\Microsoft\jdk-11.0.20.8-hotspot\bin\net.dll
0x00007ffdbcba0000 - 0x00007ffdbccaa000 	C:\Windows\SYSTEM32\WINHTTP.dll
0x00007ffdc40b0000 - 0x00007ffdc411a000 	C:\Windows\system32\mswsock.dll
0x00007ffd95c90000 - 0x00007ffd95ca3000 	C:\Program Files\Microsoft\jdk-11.0.20.8-hotspot\bin\nio.dll
0x00007ffdadda0000 - 0x00007ffdaddc7000 	C:\Users\tahay\.gradle\native\68d5fa5c4cc2d200863cafc0d521ce42e7d3e7ee720ec0a83991735586a16f82\windows-amd64\native-platform.dll
0x00007ffd59730000 - 0x00007ffd59874000 	C:\Users\tahay\.gradle\native\e376f236ea51e6404a007f0833ffe2c6e607c4080706a723a18a27aeea778392\windows-amd64\native-platform-file-events.dll
0x00007ffdaf8c0000 - 0x00007ffdaf8c9000 	C:\Program Files\Microsoft\jdk-11.0.20.8-hotspot\bin\management.dll
0x00007ffdadaf0000 - 0x00007ffdadafb000 	C:\Program Files\Microsoft\jdk-11.0.20.8-hotspot\bin\management_ext.dll
0x00007ffdc4610000 - 0x00007ffdc4628000 	C:\Windows\SYSTEM32\CRYPTSP.dll
0x00007ffdc3990000 - 0x00007ffdc39c4000 	C:\Windows\system32\rsaenh.dll
0x00007ffdc4b00000 - 0x00007ffdc4b27000 	C:\Windows\System32\bcrypt.dll
0x00007ffdc4820000 - 0x00007ffdc484e000 	C:\Windows\SYSTEM32\USERENV.dll
0x00007ffdc4240000 - 0x00007ffdc424c000 	C:\Windows\SYSTEM32\CRYPTBASE.dll
0x00007ffdc3d70000 - 0x00007ffdc3dab000 	C:\Windows\SYSTEM32\IPHLPAPI.DLL
0x00007ffdc5d00000 - 0x00007ffdc5d08000 	C:\Windows\System32\NSI.dll
0x00007ffdbe290000 - 0x00007ffdbe2a7000 	C:\Windows\SYSTEM32\dhcpcsvc6.DLL
0x00007ffdbe270000 - 0x00007ffdbe28d000 	C:\Windows\SYSTEM32\dhcpcsvc.DLL
0x00007ffdc3dc0000 - 0x00007ffdc3e8a000 	C:\Windows\SYSTEM32\DNSAPI.dll

dbghelp: loaded successfully - version: 4.0.5 - missing functions: none
symbol engine: initialized successfully - sym options: 0x614 - pdb path: .;C:\Program Files\Microsoft\jdk-11.0.20.8-hotspot\bin;C:\Windows\SYSTEM32;C:\Windows\WinSxS\amd64_microsoft.windows.common-controls_6595b64144ccf1df_6.0.19041.3636_none_60b6a03d71f818d5;C:\Program Files\Microsoft\jdk-11.0.20.8-hotspot\bin\server;C:\Users\tahay\.gradle\native\68d5fa5c4cc2d200863cafc0d521ce42e7d3e7ee720ec0a83991735586a16f82\windows-amd64;C:\Users\tahay\.gradle\native\e376f236ea51e6404a007f0833ffe2c6e607c4080706a723a18a27aeea778392\windows-amd64

VM Arguments:
jvm_args: -XX:MaxMetaspaceSize=512m --add-opens=java.base/java.util=ALL-UNNAMED --add-opens=java.base/java.lang=ALL-UNNAMED --add-opens=java.base/java.lang.invoke=ALL-UNNAMED --add-opens=java.prefs/java.util.prefs=ALL-UNNAMED --add-opens=java.base/java.nio.charset=ALL-UNNAMED --add-opens=java.base/java.net=ALL-UNNAMED --add-opens=java.base/java.util.concurrent.atomic=ALL-UNNAMED -Xmx2048m -Dfile.encoding=windows-1252 -Duser.country=US -Duser.language=en -Duser.variant 
java_command: org.gradle.launcher.daemon.bootstrap.GradleDaemon 8.0.1
java_class_path (initial): C:\Users\tahay\.gradle\wrapper\dists\gradle-8.0.1-all\aro4hu1c3oeioove7l0i4i14o\gradle-8.0.1\lib\gradle-launcher-8.0.1.jar
Launcher Type: SUN_STANDARD

[Global flags]
     intx CICompilerCount                          = 3                                         {product} {ergonomic}
   size_t CompressedClassSpaceSize                 = 528482304                                 {product} {ergonomic}
     uint ConcGCThreads                            = 1                                         {product} {ergonomic}
     uint G1ConcRefinementThreads                  = 4                                         {product} {ergonomic}
   size_t G1HeapRegionSize                         = 1048576                                   {product} {ergonomic}
    uintx GCDrainStackTargetSize                   = 64                                        {product} {ergonomic}
   size_t InitialHeapSize                          = 130023424                                 {product} {ergonomic}
   size_t MarkStackSize                            = 4194304                                   {product} {ergonomic}
   size_t MaxHeapSize                              = 2147483648                                {product} {command line}
   size_t MaxMetaspaceSize                         = 536870912                                 {product} {command line}
   size_t MaxNewSize                               = 1287651328                                {product} {ergonomic}
   size_t MinHeapDeltaBytes                        = 1048576                                   {product} {ergonomic}
    uintx NonNMethodCodeHeapSize                   = 5830732                                {pd product} {ergonomic}
    uintx NonProfiledCodeHeapSize                  = 122913754                              {pd product} {ergonomic}
    uintx ProfiledCodeHeapSize                     = 122913754                              {pd product} {ergonomic}
    uintx ReservedCodeCacheSize                    = 251658240                              {pd product} {ergonomic}
     bool SegmentedCodeCache                       = true                                      {product} {ergonomic}
     bool UseCompressedClassPointers               = true                                 {lp64_product} {ergonomic}
     bool UseCompressedOops                        = true                                 {lp64_product} {ergonomic}
     bool UseG1GC                                  = true                                      {product} {ergonomic}
     bool UseLargePagesIndividualAllocation        = false                                  {pd product} {ergonomic}

Logging:
Log output configuration:
 #0: stdout all=warning uptime,level,tags
 #1: stderr all=off uptime,level,tags

Environment Variables:
JAVA_HOME=C:\Program Files\Microsoft\jdk-11.0.20.8-hotspot\
CLASSPATH=E:\REACT_NATIVE\LittleLemon\android\\gradle\wrapper\gradle-wrapper.jar
PATH=E:\REACT_NATIVE\LittleLemon\node_modules\.bin;E:\REACT_NATIVE\LittleLemon\node_modules\.bin;E:\REACT_NATIVE\node_modules\.bin;E:\node_modules\.bin;C:\Users\tahay\AppData\Roaming\npm\node_modules\npm\node_modules\@npmcli\run-script\lib\node-gyp-bin;E:\REACT_NATIVE\LittleLemon\node_modules\.bin;E:\REACT_NATIVE\LittleLemon\node_modules\.bin;E:\REACT_NATIVE\node_modules\.bin;E:\node_modules\.bin;C:\Users\tahay\AppData\Roaming\npm\node_modules\npm\node_modules\@npmcli\run-script\lib\node-gyp-bin;C:\Program Files\Eclipse Adoptium\jdk-17.0.9.9-hotspot\bin;C:\Windows\system32;C:\Windows;C:\Windows\System32\Wbem;C:\Windows\System32\WindowsPowerShell\v1.0\;C:\Windows\System32\OpenSSH\;C:\ProgramData\chocolatey\bin;C:\Users\tahay\AppData\Local\Android\Sdk;C:\Users\tahay\AppData\Local\Android\Sdk\build-tools;C:\Users\tahay\AppData\Local\Android\Sdk\platform-tools;C:\Program Files\Git\cmd;C:\Program Files\nodejs\;C:\Program Files\Microsoft\jdk-11.0.20.8-hotspot\bin;C:\Users\tahay\AppData\Local\Microsoft\WindowsApps;C:\Users\tahay\AppData\Local\Programs\Microsoft VS Code\bin;C:\Users\tahay\AppData\Local\Android\Sdk;C:\Users\tahay\AppData\Local\Android\Sdk\platform-tools;C:\Users\tahay\AppData\Local\Android\Sdk\build-tools;C:\Users\tahay\AppData\Roaming\npm;
USERNAME=tahay
OS=Windows_NT
PROCESSOR_IDENTIFIER=Intel64 Family 6 Model 78 Stepping 3, GenuineIntel
TMP=C:\Users\tahay\AppData\Local\Temp
TEMP=C:\Users\tahay\AppData\Local\Temp



---------------  S Y S T E M  ---------------

OS: Windows 10 , 64 bit Build 19041 (10.0.19041.3636)
OS uptime: 0 days 6:02 hours
Hyper-V role detected

CPU:total 4 (initial active 4) (2 cores per cpu, 2 threads per core) family 6 model 78 stepping 3 microcode 0xcc, cmov, cx8, fxsr, mmx, sse, sse2, sse3, ssse3, sse4.1, sse4.2, popcnt, avx, avx2, aes, clmul, erms, rtm, 3dnowpref, lzcnt, ht, tsc, tscinvbit, bmi1, bmi2, adx, fma

Memory: 4k page, system-wide physical 7839M (66M free)
TotalPageFile size 23464M (AvailPageFile size 7M)
current process WorkingSet (physical memory assigned to process): 296M, peak: 299M
current process commit charge ("private bytes"): 387M, peak: 389M

vm_info: OpenJDK 64-Bit Server VM (11.0.20+8-LTS) for windows-amd64 JRE (11.0.20+8-LTS), built on Jul  7 2023 17:05:21 by "MicrosoftCorporation" with MS VC++ 15.9 (VS2017)

END.
